0 info it worked if it ends with ok
1 verbose cli [ '/usr/local/Cellar/node/7.5.0/bin/node',
1 verbose cli   '/usr/local/bin/npm',
1 verbose cli   'run',
1 verbose cli   'start:api-server' ]
2 info using npm@4.1.2
3 info using node@v7.5.0
4 verbose run-script [ 'prestart:api-server',
4 verbose run-script   'start:api-server',
4 verbose run-script   'poststart:api-server' ]
5 info lifecycle visaid@1.0.0~prestart:api-server: visaid@1.0.0
6 silly lifecycle visaid@1.0.0~prestart:api-server: no script for prestart:api-server, continuing
7 info lifecycle visaid@1.0.0~start:api-server: visaid@1.0.0
8 verbose lifecycle visaid@1.0.0~start:api-server: unsafe-perm in lifecycle true
9 verbose lifecycle visaid@1.0.0~start:api-server: PATH: /usr/local/lib/node_modules/npm/bin/node-gyp-bin:/Users/mike/Documents/2020hackathon/visaid/node_modules/.bin:/Users/mike/exec -l /bin/bash/google-cloud-sdk/bin:/Users/mike/anaconda/bin:/Library/Frameworks/Python.framework/Versions/3.6/bin:/Library/Frameworks/Python.framework/Versions/3.6/bin:/usr/local/bin:/usr/bin:/bin:/usr/sbin:/sbin
10 verbose lifecycle visaid@1.0.0~start:api-server: CWD: /Users/mike/Documents/2020hackathon/visaid
11 silly lifecycle visaid@1.0.0~start:api-server: Args: [ '-c', 'NODE_PATH=. node ./bin/www' ]
12 silly lifecycle visaid@1.0.0~start:api-server: Returned: code: 1  signal: null
13 info lifecycle visaid@1.0.0~start:api-server: Failed to exec start:api-server script
14 verbose stack Error: visaid@1.0.0 start:api-server: `NODE_PATH=. node ./bin/www`
14 verbose stack Exit status 1
14 verbose stack     at EventEmitter.<anonymous> (/usr/local/lib/node_modules/npm/lib/utils/lifecycle.js:279:16)
14 verbose stack     at emitTwo (events.js:106:13)
14 verbose stack     at EventEmitter.emit (events.js:192:7)
14 verbose stack     at ChildProcess.<anonymous> (/usr/local/lib/node_modules/npm/lib/utils/spawn.js:40:14)
14 verbose stack     at emitTwo (events.js:106:13)
14 verbose stack     at ChildProcess.emit (events.js:192:7)
14 verbose stack     at maybeClose (internal/child_process.js:890:16)
14 verbose stack     at Process.ChildProcess._handle.onexit (internal/child_process.js:226:5)
15 verbose pkgid visaid@1.0.0
16 verbose cwd /Users/mike/Documents/2020hackathon/visaid
17 error Darwin 17.0.0
18 error argv "/usr/local/Cellar/node/7.5.0/bin/node" "/usr/local/bin/npm" "run" "start:api-server"
19 error node v7.5.0
20 error npm  v4.1.2
21 error code ELIFECYCLE
22 error visaid@1.0.0 start:api-server: `NODE_PATH=. node ./bin/www`
22 error Exit status 1
23 error Failed at the visaid@1.0.0 start:api-server script 'NODE_PATH=. node ./bin/www'.
23 error Make sure you have the latest version of node.js and npm installed.
23 error If you do, this is most likely a problem with the visaid package,
23 error not with npm itself.
23 error Tell the author that this fails on your system:
23 error     NODE_PATH=. node ./bin/www
23 error You can get information on how to open an issue for this project with:
23 error     npm bugs visaid
23 error Or if that isn't available, you can get their info via:
23 error     npm owner ls visaid
23 error There is likely additional logging output above.
24 verbose exit [ 1, true ]
